
*** Running vivado
    with args -log design_1_processing_system7_0_0.vds -m64 -product Vivado -mode batch -messageDb vivado.pb -notrace -source design_1_processing_system7_0_0.tcl


****** Vivado v2017.2 (64-bit)
  **** SW Build 1909853 on Thu Jun 15 18:39:09 MDT 2017
  **** IP Build 1909766 on Thu Jun 15 19:58:00 MDT 2017
    ** Copyright 1986-2017 Xilinx, Inc. All Rights Reserved.

source design_1_processing_system7_0_0.tcl -notrace
Starting RTL Elaboration : Time (s): cpu = 00:00:09 ; elapsed = 00:00:09 . Memory (MB): peak = 382.527 ; gain = 81.707
INFO: [Synth 8-638] synthesizing module 'design_1_processing_system7_0_0' [c:/hdl_projects/P217_spi/project_1/project_1.srcs/sources_1/bd/design_1/ip/design_1_processing_system7_0_0/synth/design_1_processing_system7_0_0.v:60]
INFO: [Synth 8-638] synthesizing module 'processing_system7_v5_5_processing_system7' [c:/hdl_projects/P217_spi/project_1/project_1.srcs/sources_1/bd/design_1/ip/design_1_processing_system7_0_0/hdl/verilog/processing_system7_v5_5_processing_system7.v:161]
INFO: [Synth 8-638] synthesizing module 'BUFG' [C:/Xilinx/Vivado/2017.2/scripts/rt/data/unisim_comp.v:607]
INFO: [Synth 8-256] done synthesizing module 'BUFG' (1#1) [C:/Xilinx/Vivado/2017.2/scripts/rt/data/unisim_comp.v:607]
INFO: [Synth 8-638] synthesizing module 'BIBUF' [C:/Xilinx/Vivado/2017.2/scripts/rt/data/unisim_comp.v:268]
INFO: [Synth 8-256] done synthesizing module 'BIBUF' (2#1) [C:/Xilinx/Vivado/2017.2/scripts/rt/data/unisim_comp.v:268]
INFO: [Synth 8-638] synthesizing module 'PS7' [C:/Xilinx/Vivado/2017.2/scripts/rt/data/unisim_comp.v:33527]
INFO: [Synth 8-256] done synthesizing module 'PS7' (3#1) [C:/Xilinx/Vivado/2017.2/scripts/rt/data/unisim_comp.v:33527]
INFO: [Synth 8-256] done synthesizing module 'processing_system7_v5_5_processing_system7' (4#1) [c:/hdl_projects/P217_spi/project_1/project_1.srcs/sources_1/bd/design_1/ip/design_1_processing_system7_0_0/hdl/verilog/processing_system7_v5_5_processing_system7.v:161]
INFO: [Synth 8-256] done synthesizing module 'design_1_processing_system7_0_0' (5#1) [c:/hdl_projects/P217_spi/project_1/project_1.srcs/sources_1/bd/design_1/ip/design_1_processing_system7_0_0/synth/design_1_processing_system7_0_0.v:60]
Finished RTL Elaboration : Time (s): cpu = 00:00:12 ; elapsed = 00:00:13 . Memory (MB): peak = 422.859 ; gain = 122.039
Finished RTL Optimization Phase 1 : Time (s): cpu = 00:00:13 ; elapsed = 00:00:13 . Memory (MB): peak = 422.859 ; gain = 122.039
INFO: [Device 21-403] Loading part xc7z020clg400-1
Constraint Validation Runtime : Time (s): cpu = 00:00:01 ; elapsed = 00:00:00.091 . Memory (MB): peak = 665.082 ; gain = 0.000
Finished Constraint Validation : Time (s): cpu = 00:00:42 ; elapsed = 00:00:44 . Memory (MB): peak = 665.082 ; gain = 364.262
Finished Loading Part and Timing Information : Time (s): cpu = 00:00:42 ; elapsed = 00:00:44 . Memory (MB): peak = 665.082 ; gain = 364.262
Finished applying 'set_property' XDC Constraints : Time (s): cpu = 00:00:43 ; elapsed = 00:00:46 . Memory (MB): peak = 665.082 ; gain = 364.262
Finished RTL Optimization Phase 2 : Time (s): cpu = 00:00:45 ; elapsed = 00:00:48 . Memory (MB): peak = 665.082 ; gain = 364.262
Finished Cross Boundary and Area Optimization : Time (s): cpu = 00:00:46 ; elapsed = 00:00:49 . Memory (MB): peak = 665.082 ; gain = 364.262
Finished Applying XDC Timing Constraints : Time (s): cpu = 00:01:20 ; elapsed = 00:01:23 . Memory (MB): peak = 874.844 ; gain = 574.023
Finished Timing Optimization : Time (s): cpu = 00:01:20 ; elapsed = 00:01:24 . Memory (MB): peak = 890.938 ; gain = 590.117
Finished Technology Mapping : Time (s): cpu = 00:01:23 ; elapsed = 00:01:26 . Memory (MB): peak = 893.000 ; gain = 592.180
Finished IO Insertion : Time (s): cpu = 00:01:27 ; elapsed = 00:01:30 . Memory (MB): peak = 893.000 ; gain = 592.180
Finished Renaming Generated Instances : Time (s): cpu = 00:01:27 ; elapsed = 00:01:30 . Memory (MB): peak = 893.000 ; gain = 592.180
Finished Rebuilding User Hierarchy : Time (s): cpu = 00:01:27 ; elapsed = 00:01:30 . Memory (MB): peak = 893.000 ; gain = 592.180
Finished Renaming Generated Ports : Time (s): cpu = 00:01:27 ; elapsed = 00:01:30 . Memory (MB): peak = 893.000 ; gain = 592.180
Finished Handling Custom Attributes : Time (s): cpu = 00:01:27 ; elapsed = 00:01:30 . Memory (MB): peak = 893.000 ; gain = 592.180
Finished Renaming Generated Nets : Time (s): cpu = 00:01:27 ; elapsed = 00:01:30 . Memory (MB): peak = 893.000 ; gain = 592.180

Report Cell Usage: 
+------+------+------+
|      |Cell  |Count |
+------+------+------+
|1     |BIBUF |   130|
|2     |BUFG  |     1|
|3     |LUT1  |   112|
|4     |PS7   |     1|
+------+------+------+
Finished Writing Synthesis Report : Time (s): cpu = 00:01:27 ; elapsed = 00:01:30 . Memory (MB): peak = 893.000 ; gain = 592.180
synth_design: Time (s): cpu = 00:01:31 ; elapsed = 00:01:35 . Memory (MB): peak = 907.531 ; gain = 611.344
