
*** Running vivado
    with args -log design_1_auto_pc_0.vds -m64 -product Vivado -mode batch -messageDb vivado.pb -notrace -source design_1_auto_pc_0.tcl


****** Vivado v2017.2 (64-bit)
  **** SW Build 1909853 on Thu Jun 15 18:39:09 MDT 2017
  **** IP Build 1909766 on Thu Jun 15 19:58:00 MDT 2017
    ** Copyright 1986-2017 Xilinx, Inc. All Rights Reserved.

source design_1_auto_pc_0.tcl -notrace
Starting RTL Elaboration : Time (s): cpu = 00:00:15 ; elapsed = 00:00:16 . Memory (MB): peak = 377.699 ; gain = 83.484
INFO: [Synth 8-638] synthesizing module 'design_1_auto_pc_0' [c:/hdl_projects/P217_spi/project_1/project_1.srcs/sources_1/bd/design_1/ip/design_1_auto_pc_0/synth/design_1_auto_pc_0.v:58]
INFO: [Synth 8-638] synthesizing module 'axi_protocol_converter_v2_1_13_axi_protocol_converter' [c:/hdl_projects/P217_spi/project_1/project_1.srcs/sources_1/bd/design_1/ipshared/f0ae/hdl/axi_protocol_converter_v2_1_vl_rfs.v:4811]
INFO: [Synth 8-638] synthesizing module 'axi_protocol_converter_v2_1_13_b2s' [c:/hdl_projects/P217_spi/project_1/project_1.srcs/sources_1/bd/design_1/ipshared/f0ae/hdl/axi_protocol_converter_v2_1_vl_rfs.v:4229]
INFO: [Synth 8-638] synthesizing module 'axi_protocol_converter_v2_1_13_b2s_aw_channel' [c:/hdl_projects/P217_spi/project_1/project_1.srcs/sources_1/bd/design_1/ipshared/f0ae/hdl/axi_protocol_converter_v2_1_vl_rfs.v:3974]
INFO: [Synth 8-638] synthesizing module 'axi_protocol_converter_v2_1_13_b2s_cmd_translator' [c:/hdl_projects/P217_spi/project_1/project_1.srcs/sources_1/bd/design_1/ipshared/f0ae/hdl/axi_protocol_converter_v2_1_vl_rfs.v:3467]
INFO: [Synth 8-638] synthesizing module 'axi_protocol_converter_v2_1_13_b2s_incr_cmd' [c:/hdl_projects/P217_spi/project_1/project_1.srcs/sources_1/bd/design_1/ipshared/f0ae/hdl/axi_protocol_converter_v2_1_vl_rfs.v:3093]
INFO: [Synth 8-256] done synthesizing module 'axi_protocol_converter_v2_1_13_b2s_incr_cmd' (1#1) [c:/hdl_projects/P217_spi/project_1/project_1.srcs/sources_1/bd/design_1/ipshared/f0ae/hdl/axi_protocol_converter_v2_1_vl_rfs.v:3093]
INFO: [Synth 8-638] synthesizing module 'axi_protocol_converter_v2_1_13_b2s_wrap_cmd' [c:/hdl_projects/P217_spi/project_1/project_1.srcs/sources_1/bd/design_1/ipshared/f0ae/hdl/axi_protocol_converter_v2_1_vl_rfs.v:2903]
INFO: [Synth 8-256] done synthesizing module 'axi_protocol_converter_v2_1_13_b2s_wrap_cmd' (2#1) [c:/hdl_projects/P217_spi/project_1/project_1.srcs/sources_1/bd/design_1/ipshared/f0ae/hdl/axi_protocol_converter_v2_1_vl_rfs.v:2903]
INFO: [Synth 8-256] done synthesizing module 'axi_protocol_converter_v2_1_13_b2s_cmd_translator' (3#1) [c:/hdl_projects/P217_spi/project_1/project_1.srcs/sources_1/bd/design_1/ipshared/f0ae/hdl/axi_protocol_converter_v2_1_vl_rfs.v:3467]
INFO: [Synth 8-638] synthesizing module 'axi_protocol_converter_v2_1_13_b2s_wr_cmd_fsm' [c:/hdl_projects/P217_spi/project_1/project_1.srcs/sources_1/bd/design_1/ipshared/f0ae/hdl/axi_protocol_converter_v2_1_vl_rfs.v:3225]
INFO: [Synth 8-256] done synthesizing module 'axi_protocol_converter_v2_1_13_b2s_wr_cmd_fsm' (4#1) [c:/hdl_projects/P217_spi/project_1/project_1.srcs/sources_1/bd/design_1/ipshared/f0ae/hdl/axi_protocol_converter_v2_1_vl_rfs.v:3225]
INFO: [Synth 8-256] done synthesizing module 'axi_protocol_converter_v2_1_13_b2s_aw_channel' (5#1) [c:/hdl_projects/P217_spi/project_1/project_1.srcs/sources_1/bd/design_1/ipshared/f0ae/hdl/axi_protocol_converter_v2_1_vl_rfs.v:3974]
INFO: [Synth 8-638] synthesizing module 'axi_protocol_converter_v2_1_13_b2s_b_channel' [c:/hdl_projects/P217_spi/project_1/project_1.srcs/sources_1/bd/design_1/ipshared/f0ae/hdl/axi_protocol_converter_v2_1_vl_rfs.v:3609]
INFO: [Synth 8-638] synthesizing module 'axi_protocol_converter_v2_1_13_b2s_simple_fifo' [c:/hdl_projects/P217_spi/project_1/project_1.srcs/sources_1/bd/design_1/ipshared/f0ae/hdl/axi_protocol_converter_v2_1_vl_rfs.v:2816]
INFO: [Synth 8-256] done synthesizing module 'axi_protocol_converter_v2_1_13_b2s_simple_fifo' (6#1) [c:/hdl_projects/P217_spi/project_1/project_1.srcs/sources_1/bd/design_1/ipshared/f0ae/hdl/axi_protocol_converter_v2_1_vl_rfs.v:2816]
INFO: [Synth 8-638] synthesizing module 'axi_protocol_converter_v2_1_13_b2s_simple_fifo__parameterized0' [c:/hdl_projects/P217_spi/project_1/project_1.srcs/sources_1/bd/design_1/ipshared/f0ae/hdl/axi_protocol_converter_v2_1_vl_rfs.v:2816]
INFO: [Synth 8-256] done synthesizing module 'axi_protocol_converter_v2_1_13_b2s_simple_fifo__parameterized0' (6#1) [c:/hdl_projects/P217_spi/project_1/project_1.srcs/sources_1/bd/design_1/ipshared/f0ae/hdl/axi_protocol_converter_v2_1_vl_rfs.v:2816]
INFO: [Synth 8-256] done synthesizing module 'axi_protocol_converter_v2_1_13_b2s_b_channel' (7#1) [c:/hdl_projects/P217_spi/project_1/project_1.srcs/sources_1/bd/design_1/ipshared/f0ae/hdl/axi_protocol_converter_v2_1_vl_rfs.v:3609]
INFO: [Synth 8-638] synthesizing module 'axi_protocol_converter_v2_1_13_b2s_ar_channel' [c:/hdl_projects/P217_spi/project_1/project_1.srcs/sources_1/bd/design_1/ipshared/f0ae/hdl/axi_protocol_converter_v2_1_vl_rfs.v:4085]
INFO: [Synth 8-638] synthesizing module 'axi_protocol_converter_v2_1_13_b2s_rd_cmd_fsm' [c:/hdl_projects/P217_spi/project_1/project_1.srcs/sources_1/bd/design_1/ipshared/f0ae/hdl/axi_protocol_converter_v2_1_vl_rfs.v:3336]
INFO: [Synth 8-256] done synthesizing module 'axi_protocol_converter_v2_1_13_b2s_rd_cmd_fsm' (8#1) [c:/hdl_projects/P217_spi/project_1/project_1.srcs/sources_1/bd/design_1/ipshared/f0ae/hdl/axi_protocol_converter_v2_1_vl_rfs.v:3336]
INFO: [Synth 8-256] done synthesizing module 'axi_protocol_converter_v2_1_13_b2s_ar_channel' (9#1) [c:/hdl_projects/P217_spi/project_1/project_1.srcs/sources_1/bd/design_1/ipshared/f0ae/hdl/axi_protocol_converter_v2_1_vl_rfs.v:4085]
INFO: [Synth 8-638] synthesizing module 'axi_protocol_converter_v2_1_13_b2s_r_channel' [c:/hdl_projects/P217_spi/project_1/project_1.srcs/sources_1/bd/design_1/ipshared/f0ae/hdl/axi_protocol_converter_v2_1_vl_rfs.v:3814]
INFO: [Synth 8-638] synthesizing module 'axi_protocol_converter_v2_1_13_b2s_simple_fifo__parameterized1' [c:/hdl_projects/P217_spi/project_1/project_1.srcs/sources_1/bd/design_1/ipshared/f0ae/hdl/axi_protocol_converter_v2_1_vl_rfs.v:2816]
INFO: [Synth 8-256] done synthesizing module 'axi_protocol_converter_v2_1_13_b2s_simple_fifo__parameterized1' (9#1) [c:/hdl_projects/P217_spi/project_1/project_1.srcs/sources_1/bd/design_1/ipshared/f0ae/hdl/axi_protocol_converter_v2_1_vl_rfs.v:2816]
INFO: [Synth 8-638] synthesizing module 'axi_protocol_converter_v2_1_13_b2s_simple_fifo__parameterized2' [c:/hdl_projects/P217_spi/project_1/project_1.srcs/sources_1/bd/design_1/ipshared/f0ae/hdl/axi_protocol_converter_v2_1_vl_rfs.v:2816]
INFO: [Synth 8-256] done synthesizing module 'axi_protocol_converter_v2_1_13_b2s_simple_fifo__parameterized2' (9#1) [c:/hdl_projects/P217_spi/project_1/project_1.srcs/sources_1/bd/design_1/ipshared/f0ae/hdl/axi_protocol_converter_v2_1_vl_rfs.v:2816]
INFO: [Synth 8-256] done synthesizing module 'axi_protocol_converter_v2_1_13_b2s_r_channel' (10#1) [c:/hdl_projects/P217_spi/project_1/project_1.srcs/sources_1/bd/design_1/ipshared/f0ae/hdl/axi_protocol_converter_v2_1_vl_rfs.v:3814]
INFO: [Synth 8-638] synthesizing module 'axi_register_slice_v2_1_13_axi_register_slice' [c:/hdl_projects/P217_spi/project_1/project_1.srcs/sources_1/bd/design_1/ipshared/55c0/hdl/axi_register_slice_v2_1_vl_rfs.v:791]
INFO: [Synth 8-638] synthesizing module 'axi_infrastructure_v1_1_0_axi2vector' [c:/hdl_projects/P217_spi/project_1/project_1.srcs/sources_1/bd/design_1/ipshared/7e3a/hdl/axi_infrastructure_v1_1_vl_rfs.v:60]
INFO: [Synth 8-256] done synthesizing module 'axi_infrastructure_v1_1_0_axi2vector' (11#1) [c:/hdl_projects/P217_spi/project_1/project_1.srcs/sources_1/bd/design_1/ipshared/7e3a/hdl/axi_infrastructure_v1_1_vl_rfs.v:60]
INFO: [Synth 8-638] synthesizing module 'axi_register_slice_v2_1_13_axic_register_slice' [c:/hdl_projects/P217_spi/project_1/project_1.srcs/sources_1/bd/design_1/ipshared/55c0/hdl/axi_register_slice_v2_1_vl_rfs.v:85]
INFO: [Synth 8-256] done synthesizing module 'axi_register_slice_v2_1_13_axic_register_slice' (12#1) [c:/hdl_projects/P217_spi/project_1/project_1.srcs/sources_1/bd/design_1/ipshared/55c0/hdl/axi_register_slice_v2_1_vl_rfs.v:85]
INFO: [Synth 8-638] synthesizing module 'axi_register_slice_v2_1_13_axic_register_slice__parameterized0' [c:/hdl_projects/P217_spi/project_1/project_1.srcs/sources_1/bd/design_1/ipshared/55c0/hdl/axi_register_slice_v2_1_vl_rfs.v:85]
INFO: [Synth 8-256] done synthesizing module 'axi_register_slice_v2_1_13_axic_register_slice__parameterized0' (12#1) [c:/hdl_projects/P217_spi/project_1/project_1.srcs/sources_1/bd/design_1/ipshared/55c0/hdl/axi_register_slice_v2_1_vl_rfs.v:85]
INFO: [Synth 8-638] synthesizing module 'axi_register_slice_v2_1_13_axic_register_slice__parameterized1' [c:/hdl_projects/P217_spi/project_1/project_1.srcs/sources_1/bd/design_1/ipshared/55c0/hdl/axi_register_slice_v2_1_vl_rfs.v:85]
INFO: [Synth 8-256] done synthesizing module 'axi_register_slice_v2_1_13_axic_register_slice__parameterized1' (12#1) [c:/hdl_projects/P217_spi/project_1/project_1.srcs/sources_1/bd/design_1/ipshared/55c0/hdl/axi_register_slice_v2_1_vl_rfs.v:85]
INFO: [Synth 8-638] synthesizing module 'axi_register_slice_v2_1_13_axic_register_slice__parameterized2' [c:/hdl_projects/P217_spi/project_1/project_1.srcs/sources_1/bd/design_1/ipshared/55c0/hdl/axi_register_slice_v2_1_vl_rfs.v:85]
INFO: [Synth 8-256] done synthesizing module 'axi_register_slice_v2_1_13_axic_register_slice__parameterized2' (12#1) [c:/hdl_projects/P217_spi/project_1/project_1.srcs/sources_1/bd/design_1/ipshared/55c0/hdl/axi_register_slice_v2_1_vl_rfs.v:85]
INFO: [Synth 8-638] synthesizing module 'axi_infrastructure_v1_1_0_vector2axi' [c:/hdl_projects/P217_spi/project_1/project_1.srcs/sources_1/bd/design_1/ipshared/7e3a/hdl/axi_infrastructure_v1_1_vl_rfs.v:474]
INFO: [Synth 8-256] done synthesizing module 'axi_infrastructure_v1_1_0_vector2axi' (13#1) [c:/hdl_projects/P217_spi/project_1/project_1.srcs/sources_1/bd/design_1/ipshared/7e3a/hdl/axi_infrastructure_v1_1_vl_rfs.v:474]
INFO: [Synth 8-256] done synthesizing module 'axi_register_slice_v2_1_13_axi_register_slice' (14#1) [c:/hdl_projects/P217_spi/project_1/project_1.srcs/sources_1/bd/design_1/ipshared/55c0/hdl/axi_register_slice_v2_1_vl_rfs.v:791]
INFO: [Synth 8-638] synthesizing module 'axi_register_slice_v2_1_13_axi_register_slice__parameterized0' [c:/hdl_projects/P217_spi/project_1/project_1.srcs/sources_1/bd/design_1/ipshared/55c0/hdl/axi_register_slice_v2_1_vl_rfs.v:791]
INFO: [Synth 8-638] synthesizing module 'axi_infrastructure_v1_1_0_axi2vector__parameterized0' [c:/hdl_projects/P217_spi/project_1/project_1.srcs/sources_1/bd/design_1/ipshared/7e3a/hdl/axi_infrastructure_v1_1_vl_rfs.v:60]
INFO: [Synth 8-256] done synthesizing module 'axi_infrastructure_v1_1_0_axi2vector__parameterized0' (14#1) [c:/hdl_projects/P217_spi/project_1/project_1.srcs/sources_1/bd/design_1/ipshared/7e3a/hdl/axi_infrastructure_v1_1_vl_rfs.v:60]
INFO: [Synth 8-638] synthesizing module 'axi_register_slice_v2_1_13_axic_register_slice__parameterized3' [c:/hdl_projects/P217_spi/project_1/project_1.srcs/sources_1/bd/design_1/ipshared/55c0/hdl/axi_register_slice_v2_1_vl_rfs.v:85]
INFO: [Synth 8-256] done synthesizing module 'axi_register_slice_v2_1_13_axic_register_slice__parameterized3' (14#1) [c:/hdl_projects/P217_spi/project_1/project_1.srcs/sources_1/bd/design_1/ipshared/55c0/hdl/axi_register_slice_v2_1_vl_rfs.v:85]
INFO: [Synth 8-638] synthesizing module 'axi_register_slice_v2_1_13_axic_register_slice__parameterized4' [c:/hdl_projects/P217_spi/project_1/project_1.srcs/sources_1/bd/design_1/ipshared/55c0/hdl/axi_register_slice_v2_1_vl_rfs.v:85]
INFO: [Synth 8-256] done synthesizing module 'axi_register_slice_v2_1_13_axic_register_slice__parameterized4' (14#1) [c:/hdl_projects/P217_spi/project_1/project_1.srcs/sources_1/bd/design_1/ipshared/55c0/hdl/axi_register_slice_v2_1_vl_rfs.v:85]
INFO: [Synth 8-638] synthesizing module 'axi_register_slice_v2_1_13_axic_register_slice__parameterized5' [c:/hdl_projects/P217_spi/project_1/project_1.srcs/sources_1/bd/design_1/ipshared/55c0/hdl/axi_register_slice_v2_1_vl_rfs.v:85]
INFO: [Synth 8-256] done synthesizing module 'axi_register_slice_v2_1_13_axic_register_slice__parameterized5' (14#1) [c:/hdl_projects/P217_spi/project_1/project_1.srcs/sources_1/bd/design_1/ipshared/55c0/hdl/axi_register_slice_v2_1_vl_rfs.v:85]
INFO: [Synth 8-638] synthesizing module 'axi_register_slice_v2_1_13_axic_register_slice__parameterized6' [c:/hdl_projects/P217_spi/project_1/project_1.srcs/sources_1/bd/design_1/ipshared/55c0/hdl/axi_register_slice_v2_1_vl_rfs.v:85]
INFO: [Synth 8-256] done synthesizing module 'axi_register_slice_v2_1_13_axic_register_slice__parameterized6' (14#1) [c:/hdl_projects/P217_spi/project_1/project_1.srcs/sources_1/bd/design_1/ipshared/55c0/hdl/axi_register_slice_v2_1_vl_rfs.v:85]
INFO: [Synth 8-638] synthesizing module 'axi_infrastructure_v1_1_0_vector2axi__parameterized0' [c:/hdl_projects/P217_spi/project_1/project_1.srcs/sources_1/bd/design_1/ipshared/7e3a/hdl/axi_infrastructure_v1_1_vl_rfs.v:474]
INFO: [Synth 8-256] done synthesizing module 'axi_infrastructure_v1_1_0_vector2axi__parameterized0' (14#1) [c:/hdl_projects/P217_spi/project_1/project_1.srcs/sources_1/bd/design_1/ipshared/7e3a/hdl/axi_infrastructure_v1_1_vl_rfs.v:474]
INFO: [Synth 8-256] done synthesizing module 'axi_register_slice_v2_1_13_axi_register_slice__parameterized0' (14#1) [c:/hdl_projects/P217_spi/project_1/project_1.srcs/sources_1/bd/design_1/ipshared/55c0/hdl/axi_register_slice_v2_1_vl_rfs.v:791]
INFO: [Synth 8-256] done synthesizing module 'axi_protocol_converter_v2_1_13_b2s' (15#1) [c:/hdl_projects/P217_spi/project_1/project_1.srcs/sources_1/bd/design_1/ipshared/f0ae/hdl/axi_protocol_converter_v2_1_vl_rfs.v:4229]
INFO: [Synth 8-256] done synthesizing module 'axi_protocol_converter_v2_1_13_axi_protocol_converter' (16#1) [c:/hdl_projects/P217_spi/project_1/project_1.srcs/sources_1/bd/design_1/ipshared/f0ae/hdl/axi_protocol_converter_v2_1_vl_rfs.v:4811]
INFO: [Synth 8-256] done synthesizing module 'design_1_auto_pc_0' (17#1) [c:/hdl_projects/P217_spi/project_1/project_1.srcs/sources_1/bd/design_1/ip/design_1_auto_pc_0/synth/design_1_auto_pc_0.v:58]
Finished RTL Elaboration : Time (s): cpu = 00:01:48 ; elapsed = 00:01:51 . Memory (MB): peak = 497.707 ; gain = 203.492
Finished RTL Optimization Phase 1 : Time (s): cpu = 00:01:48 ; elapsed = 00:01:51 . Memory (MB): peak = 497.707 ; gain = 203.492
INFO: [Device 21-403] Loading part xc7z020clg400-1
Constraint Validation Runtime : Time (s): cpu = 00:00:00 ; elapsed = 00:00:00.141 . Memory (MB): peak = 748.727 ; gain = 0.000
Finished Constraint Validation : Time (s): cpu = 00:02:12 ; elapsed = 00:02:17 . Memory (MB): peak = 748.727 ; gain = 454.512
Finished Loading Part and Timing Information : Time (s): cpu = 00:02:12 ; elapsed = 00:02:17 . Memory (MB): peak = 748.727 ; gain = 454.512
Finished applying 'set_property' XDC Constraints : Time (s): cpu = 00:02:12 ; elapsed = 00:02:17 . Memory (MB): peak = 748.727 ; gain = 454.512
Finished RTL Optimization Phase 2 : Time (s): cpu = 00:02:14 ; elapsed = 00:02:19 . Memory (MB): peak = 748.727 ; gain = 454.512
Finished Cross Boundary and Area Optimization : Time (s): cpu = 00:02:18 ; elapsed = 00:02:23 . Memory (MB): peak = 748.727 ; gain = 454.512
Finished Applying XDC Timing Constraints : Time (s): cpu = 00:02:46 ; elapsed = 00:02:51 . Memory (MB): peak = 748.727 ; gain = 454.512
Finished Timing Optimization : Time (s): cpu = 00:02:49 ; elapsed = 00:02:55 . Memory (MB): peak = 769.090 ; gain = 474.875
Finished Technology Mapping : Time (s): cpu = 00:02:50 ; elapsed = 00:02:56 . Memory (MB): peak = 769.090 ; gain = 474.875
Finished IO Insertion : Time (s): cpu = 00:02:52 ; elapsed = 00:02:58 . Memory (MB): peak = 769.090 ; gain = 474.875
Finished Renaming Generated Instances : Time (s): cpu = 00:02:52 ; elapsed = 00:02:58 . Memory (MB): peak = 769.090 ; gain = 474.875
Finished Rebuilding User Hierarchy : Time (s): cpu = 00:02:52 ; elapsed = 00:02:58 . Memory (MB): peak = 769.090 ; gain = 474.875
Finished Renaming Generated Ports : Time (s): cpu = 00:02:53 ; elapsed = 00:02:58 . Memory (MB): peak = 769.090 ; gain = 474.875
Finished Handling Custom Attributes : Time (s): cpu = 00:02:53 ; elapsed = 00:02:58 . Memory (MB): peak = 769.090 ; gain = 474.875
Finished Renaming Generated Nets : Time (s): cpu = 00:02:53 ; elapsed = 00:02:58 . Memory (MB): peak = 769.090 ; gain = 474.875

Report Cell Usage: 
+------+--------+------+
|      |Cell    |Count |
+------+--------+------+
|1     |CARRY4  |    18|
|2     |LUT1    |    38|
|3     |LUT2    |    18|
|4     |LUT3    |   236|
|5     |LUT4    |    48|
|6     |LUT5    |    73|
|7     |LUT6    |   103|
|8     |SRL16E  |    18|
|9     |SRLC32E |    47|
|10    |FDRE    |   550|
|11    |FDSE    |    48|
+------+--------+------+
Finished Writing Synthesis Report : Time (s): cpu = 00:02:53 ; elapsed = 00:02:58 . Memory (MB): peak = 769.090 ; gain = 474.875
synth_design: Time (s): cpu = 00:02:57 ; elapsed = 00:03:03 . Memory (MB): peak = 769.090 ; gain = 480.508
